2021-10-29 07:14:44,696 [Worker-2: Loading available Gradle versions] INFO  o.e.b.c.i.u.g.PublishedGradleVersions - Gradle version information cache is up-to-date. Trying to read.
2021-11-01 06:31:59,532 [Worker-2: Loading available Gradle versions] INFO  o.e.b.c.i.u.g.PublishedGradleVersions - Gradle version information cache is out-of-date. Trying to update.
2021-11-02 06:21:05,989 [Worker-3: Loading available Gradle versions] INFO  o.e.b.c.i.u.g.PublishedGradleVersions - Gradle version information cache is up-to-date. Trying to read.
2021-11-03 06:30:32,010 [Worker-0: Loading available Gradle versions] INFO  o.e.b.c.i.u.g.PublishedGradleVersions - Gradle version information cache is up-to-date. Trying to read.
2021-11-08 06:33:13,037 [Worker-5: Loading available Gradle versions] INFO  o.e.b.c.i.u.g.PublishedGradleVersions - Gradle version information cache is out-of-date. Trying to update.
2021-11-10 06:46:06,637 [Worker-4: Loading available Gradle versions] INFO  o.e.b.c.i.u.g.PublishedGradleVersions - Gradle version information cache is up-to-date. Trying to read.
2021-11-10 06:50:21,078 [Worker-12: Enabling Maven Dependency Management] INFO  o.e.m.c.i.l.LifecycleMappingFactory - Using org.maven.ide.eclipse.wtp.WarLifecycleMapping lifecycle mapping for MavenProject: com.cts:DynamicWebApp1:0.0.1-SNAPSHOT @ F:\IIHT\Cognizent\DTP_2021\ongoing\JavaAndSpring_14Sep21_0630730\ServletJspWS\DynamicWebApp1\pom.xml.
2021-11-10 06:50:32,788 [Worker-1: Building] WARN  o.e.m.c.i.embedder.EclipseLogger - Using platform encoding (Cp1252 actually) to copy filtered resources, i.e. build is platform dependent!
2021-11-10 06:50:32,791 [Worker-1: Building] INFO  o.e.m.c.i.embedder.EclipseLogger - skip non existing resourceDirectory F:\IIHT\Cognizent\DTP_2021\ongoing\JavaAndSpring_14Sep21_0630730\ServletJspWS\DynamicWebApp1\src\main\resources
2021-11-10 06:50:32,794 [Worker-1: Building] WARN  o.e.m.c.i.embedder.EclipseLogger - Using platform encoding (Cp1252 actually) to copy filtered resources, i.e. build is platform dependent!
2021-11-10 06:50:32,800 [Worker-1: Building] INFO  o.e.m.c.i.embedder.EclipseLogger - skip non existing resourceDirectory F:\IIHT\Cognizent\DTP_2021\ongoing\JavaAndSpring_14Sep21_0630730\ServletJspWS\DynamicWebApp1\src\test\resources
2021-11-10 06:50:32,863 [Worker-12: Enabling Maven Dependency Management] INFO  o.e.m.j.i.AbstractJavaProjectConfigurator - Adding source folder /DynamicWebApp1/src
2021-11-10 06:50:32,866 [Worker-12: Enabling Maven Dependency Management] INFO  o.e.m.j.i.AbstractJavaProjectConfigurator - Not adding source folder /DynamicWebApp1/src/test/java because it overlaps with /DynamicWebApp1/src
2021-11-10 06:50:37,174 [Worker-12: Enabling Maven Dependency Management] INFO  o.e.m.c.i.p.ProjectConfigurationManager - Update started
2021-11-10 06:50:42,743 [Worker-12: Enabling Maven Dependency Management] INFO  o.e.m.c.i.l.LifecycleMappingFactory - Using org.maven.ide.eclipse.wtp.WarLifecycleMapping lifecycle mapping for MavenProject: com.cts:DynamicWebApp1:0.0.1-SNAPSHOT @ F:\IIHT\Cognizent\DTP_2021\ongoing\JavaAndSpring_14Sep21_0630730\ServletJspWS\DynamicWebApp1\pom.xml.
2021-11-10 06:50:49,273 [Worker-1: Building] WARN  o.e.m.c.i.embedder.EclipseLogger - Using platform encoding (Cp1252 actually) to copy filtered resources, i.e. build is platform dependent!
2021-11-10 06:50:49,277 [Worker-1: Building] INFO  o.e.m.c.i.embedder.EclipseLogger - skip non existing resourceDirectory F:\IIHT\Cognizent\DTP_2021\ongoing\JavaAndSpring_14Sep21_0630730\ServletJspWS\DynamicWebApp1\src\main\resources
2021-11-10 06:50:49,280 [Worker-1: Building] WARN  o.e.m.c.i.embedder.EclipseLogger - Using platform encoding (Cp1252 actually) to copy filtered resources, i.e. build is platform dependent!
2021-11-10 06:50:49,283 [Worker-1: Building] INFO  o.e.m.c.i.embedder.EclipseLogger - skip non existing resourceDirectory F:\IIHT\Cognizent\DTP_2021\ongoing\JavaAndSpring_14Sep21_0630730\ServletJspWS\DynamicWebApp1\src\test\resources
2021-11-10 06:50:49,284 [Worker-1: Building] INFO  o.e.m.w.i.f.ResourceFilteringBuildParticipant - Changed resources require a complete clean of filtered resources of DynamicWebApp1
2021-11-10 06:50:49,289 [Worker-1: Building] INFO  o.e.m.w.i.f.ResourceFilteringBuildParticipant - Executing resource filtering for DynamicWebApp1
2021-11-10 06:50:49,992 [Worker-1: Building] WARN  o.e.m.c.i.embedder.EclipseLogger - Using platform encoding (Cp1252 actually) to copy filtered resources, i.e. build is platform dependent!
2021-11-10 06:50:50,200 [Worker-12: Enabling Maven Dependency Management] INFO  o.e.m.j.i.AbstractJavaProjectConfigurator - Adding source folder /DynamicWebApp1/src
2021-11-10 06:50:50,201 [Worker-12: Enabling Maven Dependency Management] INFO  o.e.m.j.i.AbstractJavaProjectConfigurator - Not adding source folder /DynamicWebApp1/src/test/java because it overlaps with /DynamicWebApp1/src
2021-11-10 06:50:52,114 [Worker-12: Enabling Maven Dependency Management] INFO  o.e.m.w.i.f.ResourceFilteringBuildParticipant - Cleaning filtered folder for DynamicWebApp1
2021-11-10 06:50:52,181 [Worker-12: Enabling Maven Dependency Management] INFO  o.e.m.c.i.p.ProjectConfigurationManager - Update completed: 15 sec
2021-11-10 06:50:52,945 [Worker-14: Building] WARN  o.e.m.c.i.embedder.EclipseLogger - Using platform encoding (Cp1252 actually) to copy filtered resources, i.e. build is platform dependent!
2021-11-10 06:50:52,949 [Worker-14: Building] INFO  o.e.m.c.i.embedder.EclipseLogger - skip non existing resourceDirectory F:\IIHT\Cognizent\DTP_2021\ongoing\JavaAndSpring_14Sep21_0630730\ServletJspWS\DynamicWebApp1\src\main\resources
2021-11-10 06:50:52,950 [Worker-14: Building] WARN  o.e.m.c.i.embedder.EclipseLogger - Using platform encoding (Cp1252 actually) to copy filtered resources, i.e. build is platform dependent!
2021-11-10 06:50:52,953 [Worker-14: Building] INFO  o.e.m.c.i.embedder.EclipseLogger - skip non existing resourceDirectory F:\IIHT\Cognizent\DTP_2021\ongoing\JavaAndSpring_14Sep21_0630730\ServletJspWS\DynamicWebApp1\src\test\resources
2021-11-10 06:50:52,954 [Worker-14: Building] INFO  o.e.m.w.i.f.ResourceFilteringBuildParticipant - Changed resources require a complete clean of filtered resources of DynamicWebApp1
2021-11-10 06:50:52,954 [Worker-14: Building] INFO  o.e.m.w.i.f.ResourceFilteringBuildParticipant - Executing resource filtering for DynamicWebApp1
2021-11-10 06:50:52,960 [Worker-14: Building] WARN  o.e.m.c.i.embedder.EclipseLogger - Using platform encoding (Cp1252 actually) to copy filtered resources, i.e. build is platform dependent!
2021-11-10 06:52:03,557 [Worker-1: Building] INFO  o.e.m.c.i.l.LifecycleMappingFactory - Using org.maven.ide.eclipse.wtp.WarLifecycleMapping lifecycle mapping for MavenProject: com.cts:DynamicWebApp1:0.0.1-SNAPSHOT @ F:\IIHT\Cognizent\DTP_2021\ongoing\JavaAndSpring_14Sep21_0630730\ServletJspWS\DynamicWebApp1\pom.xml.
2021-11-10 06:52:09,445 [Worker-1: Building] WARN  o.e.m.c.i.embedder.EclipseLogger - Using platform encoding (Cp1252 actually) to copy filtered resources, i.e. build is platform dependent!
2021-11-10 06:52:09,449 [Worker-1: Building] INFO  o.e.m.c.i.embedder.EclipseLogger - skip non existing resourceDirectory F:\IIHT\Cognizent\DTP_2021\ongoing\JavaAndSpring_14Sep21_0630730\ServletJspWS\DynamicWebApp1\src\main\resources
2021-11-10 06:52:09,452 [Worker-1: Building] WARN  o.e.m.c.i.embedder.EclipseLogger - Using platform encoding (Cp1252 actually) to copy filtered resources, i.e. build is platform dependent!
2021-11-10 06:52:09,455 [Worker-1: Building] INFO  o.e.m.c.i.embedder.EclipseLogger - skip non existing resourceDirectory F:\IIHT\Cognizent\DTP_2021\ongoing\JavaAndSpring_14Sep21_0630730\ServletJspWS\DynamicWebApp1\src\test\resources
2021-11-10 06:52:09,455 [Worker-1: Building] INFO  o.e.m.w.i.f.ResourceFilteringBuildParticipant - Changed resources require a complete clean of filtered resources of DynamicWebApp1
2021-11-10 06:52:09,455 [Worker-1: Building] INFO  o.e.m.w.i.f.ResourceFilteringBuildParticipant - Executing resource filtering for DynamicWebApp1
2021-11-10 06:52:09,461 [Worker-1: Building] WARN  o.e.m.c.i.embedder.EclipseLogger - Using platform encoding (Cp1252 actually) to copy filtered resources, i.e. build is platform dependent!
2021-11-10 06:52:11,481 [Worker-16: Building] WARN  o.e.m.c.i.embedder.EclipseLogger - Using platform encoding (Cp1252 actually) to copy filtered resources, i.e. build is platform dependent!
2021-11-10 06:52:11,483 [Worker-16: Building] INFO  o.e.m.c.i.embedder.EclipseLogger - skip non existing resourceDirectory F:\IIHT\Cognizent\DTP_2021\ongoing\JavaAndSpring_14Sep21_0630730\ServletJspWS\DynamicWebApp1\src\main\resources
2021-11-10 06:52:11,485 [Worker-16: Building] WARN  o.e.m.c.i.embedder.EclipseLogger - Using platform encoding (Cp1252 actually) to copy filtered resources, i.e. build is platform dependent!
2021-11-10 06:52:11,488 [Worker-16: Building] INFO  o.e.m.c.i.embedder.EclipseLogger - skip non existing resourceDirectory F:\IIHT\Cognizent\DTP_2021\ongoing\JavaAndSpring_14Sep21_0630730\ServletJspWS\DynamicWebApp1\src\test\resources
2021-11-10 06:53:59,407 [Worker-1: Building] WARN  o.e.m.c.i.embedder.EclipseLogger - Using platform encoding (Cp1252 actually) to copy filtered resources, i.e. build is platform dependent!
2021-11-10 06:53:59,410 [Worker-1: Building] INFO  o.e.m.c.i.embedder.EclipseLogger - skip non existing resourceDirectory F:\IIHT\Cognizent\DTP_2021\ongoing\JavaAndSpring_14Sep21_0630730\ServletJspWS\DynamicWebApp1\src\main\resources
2021-11-10 06:53:59,448 [Worker-1: Building] WARN  o.e.m.c.i.embedder.EclipseLogger - Using platform encoding (Cp1252 actually) to copy filtered resources, i.e. build is platform dependent!
2021-11-10 06:53:59,451 [Worker-1: Building] INFO  o.e.m.c.i.embedder.EclipseLogger - skip non existing resourceDirectory F:\IIHT\Cognizent\DTP_2021\ongoing\JavaAndSpring_14Sep21_0630730\ServletJspWS\DynamicWebApp1\src\test\resources
2021-11-10 06:55:34,589 [Worker-15: Building] WARN  o.e.m.c.i.embedder.EclipseLogger - Using platform encoding (Cp1252 actually) to copy filtered resources, i.e. build is platform dependent!
2021-11-10 06:55:34,592 [Worker-15: Building] INFO  o.e.m.c.i.embedder.EclipseLogger - skip non existing resourceDirectory F:\IIHT\Cognizent\DTP_2021\ongoing\JavaAndSpring_14Sep21_0630730\ServletJspWS\DynamicWebApp1\src\main\resources
2021-11-10 06:55:34,594 [Worker-15: Building] WARN  o.e.m.c.i.embedder.EclipseLogger - Using platform encoding (Cp1252 actually) to copy filtered resources, i.e. build is platform dependent!
2021-11-10 06:55:34,600 [Worker-15: Building] INFO  o.e.m.c.i.embedder.EclipseLogger - skip non existing resourceDirectory F:\IIHT\Cognizent\DTP_2021\ongoing\JavaAndSpring_14Sep21_0630730\ServletJspWS\DynamicWebApp1\src\test\resources
2021-11-10 06:55:49,303 [Worker-17: Building] WARN  o.e.m.c.i.embedder.EclipseLogger - Using platform encoding (Cp1252 actually) to copy filtered resources, i.e. build is platform dependent!
2021-11-10 06:55:49,306 [Worker-17: Building] INFO  o.e.m.c.i.embedder.EclipseLogger - skip non existing resourceDirectory F:\IIHT\Cognizent\DTP_2021\ongoing\JavaAndSpring_14Sep21_0630730\ServletJspWS\DynamicWebApp1\src\main\resources
2021-11-10 06:55:49,307 [Worker-17: Building] WARN  o.e.m.c.i.embedder.EclipseLogger - Using platform encoding (Cp1252 actually) to copy filtered resources, i.e. build is platform dependent!
2021-11-10 06:55:49,310 [Worker-17: Building] INFO  o.e.m.c.i.embedder.EclipseLogger - skip non existing resourceDirectory F:\IIHT\Cognizent\DTP_2021\ongoing\JavaAndSpring_14Sep21_0630730\ServletJspWS\DynamicWebApp1\src\test\resources
2021-11-10 06:57:58,458 [Worker-15: Building] WARN  o.e.m.c.i.embedder.EclipseLogger - Using platform encoding (Cp1252 actually) to copy filtered resources, i.e. build is platform dependent!
2021-11-10 06:57:58,461 [Worker-15: Building] INFO  o.e.m.c.i.embedder.EclipseLogger - skip non existing resourceDirectory F:\IIHT\Cognizent\DTP_2021\ongoing\JavaAndSpring_14Sep21_0630730\ServletJspWS\DynamicWebApp1\src\main\resources
2021-11-10 06:57:58,463 [Worker-15: Building] WARN  o.e.m.c.i.embedder.EclipseLogger - Using platform encoding (Cp1252 actually) to copy filtered resources, i.e. build is platform dependent!
2021-11-10 06:57:58,466 [Worker-15: Building] INFO  o.e.m.c.i.embedder.EclipseLogger - skip non existing resourceDirectory F:\IIHT\Cognizent\DTP_2021\ongoing\JavaAndSpring_14Sep21_0630730\ServletJspWS\DynamicWebApp1\src\test\resources
2021-11-10 06:58:53,087 [Worker-15: Building] WARN  o.e.m.c.i.embedder.EclipseLogger - Using platform encoding (Cp1252 actually) to copy filtered resources, i.e. build is platform dependent!
2021-11-10 06:58:53,089 [Worker-15: Building] INFO  o.e.m.c.i.embedder.EclipseLogger - skip non existing resourceDirectory F:\IIHT\Cognizent\DTP_2021\ongoing\JavaAndSpring_14Sep21_0630730\ServletJspWS\DynamicWebApp1\src\main\resources
2021-11-10 06:58:53,091 [Worker-15: Building] WARN  o.e.m.c.i.embedder.EclipseLogger - Using platform encoding (Cp1252 actually) to copy filtered resources, i.e. build is platform dependent!
2021-11-10 06:58:53,094 [Worker-15: Building] INFO  o.e.m.c.i.embedder.EclipseLogger - skip non existing resourceDirectory F:\IIHT\Cognizent\DTP_2021\ongoing\JavaAndSpring_14Sep21_0630730\ServletJspWS\DynamicWebApp1\src\test\resources
2021-11-19 16:35:03,085 [Worker-2: Loading available Gradle versions] INFO  o.e.b.c.i.u.g.PublishedGradleVersions - Gradle version information cache is out-of-date. Trying to update.
2021-11-19 16:35:26,593 [Worker-2: Building] WARN  o.e.m.c.i.embedder.EclipseLogger - Using platform encoding (Cp1252 actually) to copy filtered resources, i.e. build is platform dependent!
2021-11-19 16:35:26,596 [Worker-2: Building] INFO  o.e.m.c.i.embedder.EclipseLogger - skip non existing resourceDirectory F:\IIHT\Cognizent\DTP_2021\ongoing\JavaAndSpring_14Sep21_0630730\ServletJspWS\DynamicWebApp1\src\main\resources
2021-11-19 16:35:26,601 [Worker-2: Building] WARN  o.e.m.c.i.embedder.EclipseLogger - Using platform encoding (Cp1252 actually) to copy filtered resources, i.e. build is platform dependent!
2021-11-19 16:35:26,603 [Worker-2: Building] INFO  o.e.m.c.i.embedder.EclipseLogger - skip non existing resourceDirectory F:\IIHT\Cognizent\DTP_2021\ongoing\JavaAndSpring_14Sep21_0630730\ServletJspWS\DynamicWebApp1\src\test\resources
